<?xml version="1.0" encoding="UTF-8"?>
<!-- Generated by org.testng.reporters.JUnitReportReporter -->
<testsuite skipped="0" hostname="Mahbubs-MacBook-Pro.local" name="com.careerhack.runners.TestRunners" tests="1" failures="0" timestamp="28 Mar 2021 21:11:31 GMT" time="0.128" errors="0">
  <testcase name="feature" time="0.128" classname="com.careerhack.runners.TestRunners"/>
</testsuite> <!-- com.careerhack.runners.TestRunners -->
